# JRE version: OpenJDK Runtime Environment Temurin-21.0.2+13 (21.0.2+13) (build 21.0.2+13-LTS)
# Java VM: OpenJDK 64-Bit Server VM Temurin-21.0.2+13 (21.0.2+13-LTS, mixed mode, tiered, compressed oops, compressed class ptrs, g1 gc, bsd-aarch64)
GC Precious Log:
 CardTable entry size: 512
 Card Set container configuration: InlinePtr #cards 3 size 8 Array Of Cards #cards 128 size 272 Howl #buckets 8 coarsen threshold 29491 Howl Bitmap #cards 4096 size 528 coarsen threshold 3686 Card regions per heap region 1 cards per card region 32768
 CPUs: 8 total, 8 available
 Memory: 8192M
 Large Page Support: Disabled
 NUMA Support: Disabled
 Compressed Oops: Enabled (Non-zero based)
 Heap Region Size: 16M
 Heap Min Capacity: 16M
 Heap Initial Capacity: 128M
 Heap Max Capacity: 20G
 Pre-touch: Disabled
 Parallel Workers: 8
 Concurrent Workers: 2
 Concurrent Refinement Workers: 8
 Periodic GC: Disabled
Heap:
 garbage-first heap   total 262144K, used 77526K [0x0000000310000000, 0x0000000810000000)
  region size 16384K, 5 young (81920K), 1 survivors (16384K)
 Metaspace       used 34355K, committed 34560K, reserved 1114112K
  class space    used 3560K, committed 3648K, reserved 1048576K
GC Heap History (20 events):
Event: 33.882 GC heap before
{Heap before GC invocations=545 (full 16):
 garbage-first heap   total 262144K, used 159432K [0x0000000310000000, 0x0000000810000000)
  region size 16384K, 9 young (147456K), 1 survivors (16384K)
 Metaspace       used 34337K, committed 34560K, reserved 1114112K
  class space    used 3556K, committed 3648K, reserved 1048576K
}
Event: 33.883 GC heap after
{Heap after GC invocations=546 (full 16):
 garbage-first heap   total 262144K, used 28496K [0x0000000310000000, 0x0000000810000000)
  region size 16384K, 1 young (16384K), 1 survivors (16384K)
 Metaspace       used 34337K, committed 34560K, reserved 1114112K
  class space    used 3556K, committed 3648K, reserved 1048576K
}
Event: 33.953 GC heap before
{Heap before GC invocations=546 (full 16):
 garbage-first heap   total 262144K, used 159568K [0x0000000310000000, 0x0000000810000000)
  region size 16384K, 9 young (147456K), 1 survivors (16384K)
 Metaspace       used 34337K, committed 34560K, reserved 1114112K
  class space    used 3556K, committed 3648K, reserved 1048576K
}
Event: 33.953 GC heap after
{Heap after GC invocations=547 (full 16):
 garbage-first heap   total 262144K, used 28589K [0x0000000310000000, 0x0000000810000000)
  region size 16384K, 1 young (16384K), 1 survivors (16384K)
 Metaspace       used 34337K, committed 34560K, reserved 1114112K
  class space    used 3556K, committed 3648K, reserved 1048576K
}
Event: 34.025 GC heap before
{Heap before GC invocations=547 (full 16):
 garbage-first heap   total 262144K, used 159661K [0x0000000310000000, 0x0000000810000000)
  region size 16384K, 9 young (147456K), 1 survivors (16384K)
 Metaspace       used 34337K, committed 34560K, reserved 1114112K
  class space    used 3556K, committed 3648K, reserved 1048576K
}
Event: 34.026 GC heap after
{Heap after GC invocations=548 (full 16):
 garbage-first heap   total 262144K, used 28581K [0x0000000310000000, 0x0000000810000000)
  region size 16384K, 1 young (16384K), 1 survivors (16384K)
 Metaspace       used 34337K, committed 34560K, reserved 1114112K
  class space    used 3556K, committed 3648K, reserved 1048576K
}
Event: 34.098 GC heap before
{Heap before GC invocations=548 (full 16):
 garbage-first heap   total 262144K, used 159653K [0x0000000310000000, 0x0000000810000000)
  region size 16384K, 9 young (147456K), 1 survivors (16384K)
 Metaspace       used 34337K, committed 34560K, reserved 1114112K
  class space    used 3556K, committed 3648K, reserved 1048576K
}
Event: 34.099 GC heap after
{Heap after GC invocations=549 (full 16):
 garbage-first heap   total 262144K, used 28243K [0x0000000310000000, 0x0000000810000000)
  region size 16384K, 1 young (16384K), 1 survivors (16384K)
 Metaspace       used 34337K, committed 34560K, reserved 1114112K
  class space    used 3556K, committed 3648K, reserved 1048576K
}
Event: 34.172 GC heap before
{Heap before GC invocations=549 (full 16):
 garbage-first heap   total 262144K, used 159315K [0x0000000310000000, 0x0000000810000000)
  region size 16384K, 9 young (147456K), 1 survivors (16384K)
 Metaspace       used 34337K, committed 34560K, reserved 1114112K
  class space    used 3556K, committed 3648K, reserved 1048576K
}
Event: 34.172 GC heap after
{Heap after GC invocations=550 (full 16):
 garbage-first heap   total 262144K, used 28374K [0x0000000310000000, 0x0000000810000000)
  region size 16384K, 1 young (16384K), 1 survivors (16384K)
 Metaspace       used 34337K, committed 34560K, reserved 1114112K
  class space    used 3556K, committed 3648K, reserved 1048576K
}
Event: 34.245 GC heap before
{Heap before GC invocations=550 (full 16):
 garbage-first heap   total 262144K, used 159446K [0x0000000310000000, 0x0000000810000000)
  region size 16384K, 9 young (147456K), 1 survivors (16384K)
 Metaspace       used 34337K, committed 34560K, reserved 1114112K
  class space    used 3556K, committed 3648K, reserved 1048576K
}
Event: 34.245 GC heap after
{Heap after GC invocations=551 (full 16):
 garbage-first heap   total 262144K, used 28630K [0x0000000310000000, 0x0000000810000000)
  region size 16384K, 1 young (16384K), 1 survivors (16384K)
 Metaspace       used 34337K, committed 34560K, reserved 1114112K
  class space    used 3556K, committed 3648K, reserved 1048576K
}
Event: 34.317 GC heap before
{Heap before GC invocations=551 (full 16):
 garbage-first heap   total 262144K, used 159702K [0x0000000310000000, 0x0000000810000000)
  region size 16384K, 9 young (147456K), 1 survivors (16384K)
 Metaspace       used 34337K, committed 34560K, reserved 1114112K
  class space    used 3556K, committed 3648K, reserved 1048576K
}
Event: 34.317 GC heap after
{Heap after GC invocations=552 (full 16):
 garbage-first heap   total 262144K, used 28168K [0x0000000310000000, 0x0000000810000000)
  region size 16384K, 1 young (16384K), 1 survivors (16384K)
 Metaspace       used 34337K, committed 34560K, reserved 1114112K
  class space    used 3556K, committed 3648K, reserved 1048576K
}
Event: 34.390 GC heap before
{Heap before GC invocations=552 (full 16):
 garbage-first heap   total 262144K, used 159240K [0x0000000310000000, 0x0000000810000000)
  region size 16384K, 9 young (147456K), 1 survivors (16384K)
 Metaspace       used 34337K, committed 34560K, reserved 1114112K
  class space    used 3556K, committed 3648K, reserved 1048576K
}
Event: 34.390 GC heap after
{Heap after GC invocations=553 (full 16):
 garbage-first heap   total 262144K, used 28545K [0x0000000310000000, 0x0000000810000000)
  region size 16384K, 1 young (16384K), 1 survivors (16384K)
 Metaspace       used 34337K, committed 34560K, reserved 1114112K
  class space    used 3556K, committed 3648K, reserved 1048576K
}
Event: 34.462 GC heap before
{Heap before GC invocations=553 (full 16):
 garbage-first heap   total 262144K, used 159617K [0x0000000310000000, 0x0000000810000000)
  region size 16384K, 9 young (147456K), 1 survivors (16384K)
 Metaspace       used 34337K, committed 34560K, reserved 1114112K
  class space    used 3556K, committed 3648K, reserved 1048576K
}
Event: 34.463 GC heap after
{Heap after GC invocations=554 (full 16):
 garbage-first heap   total 262144K, used 28572K [0x0000000310000000, 0x0000000810000000)
  region size 16384K, 1 young (16384K), 1 survivors (16384K)
 Metaspace       used 34337K, committed 34560K, reserved 1114112K
  class space    used 3556K, committed 3648K, reserved 1048576K
}
Event: 34.534 GC heap before
{Heap before GC invocations=554 (full 16):
 garbage-first heap   total 262144K, used 159644K [0x0000000310000000, 0x0000000810000000)
  region size 16384K, 9 young (147456K), 1 survivors (16384K)
 Metaspace       used 34337K, committed 34560K, reserved 1114112K
  class space    used 3556K, committed 3648K, reserved 1048576K
}
Event: 34.534 GC heap after
{Heap after GC invocations=555 (full 16):
 garbage-first heap   total 262144K, used 28374K [0x0000000310000000, 0x0000000810000000)
  region size 16384K, 1 young (16384K), 1 survivors (16384K)
 Metaspace       used 34337K, committed 34560K, reserved 1114112K
  class space    used 3556K, committed 3648K, reserved 1048576K
}

